<?xml version="1.0" encoding="UTF-8"?>
<!-- Generated by org.testng.reporters.JUnitReportReporter -->
<testsuite hostname="THANGA-TESTSERVER" failures="0" tests="2" name="Loginpage_TestCase" time="5.801" errors="0" timestamp="2019-09-08T23:36:50 SGT" skipped="0">
  <testcase classname="Loginpage_TestCase" name="Testcase2" time="2.980"/>
  <testcase classname="Loginpage_TestCase" name="Testcase3" time="2.821"/>
</testsuite> <!-- Loginpage_TestCase -->
